Arguments: 
  /usr/local/Cellar/node/15.0.1/bin/node /usr/local/Cellar/yarn/1.22.10/libexec/bin/yarn.js global bin

PATH: 
  /usr/local/bin:/usr/bin:/bin:/usr/sbin:/sbin:/Users/guilherme/.ebcli-virtual-env/executables:/Users/guilherme/.pyenv/plugins/pyenv-virtualenv/shims:/Users/guilherme/.pyenv/shims:/Users/guilherme/.pyenv/bin

Yarn version: 
  1.22.10

Node version: 
  15.0.1

Platform: 
  darwin x64

Trace: 
  SyntaxError: /Users/guilherme/Documents/Growdev/Back/growdev-first-repo/package.json: Unexpected string in JSON at position 161
      at JSON.parse (<anonymous>)
      at /usr/local/Cellar/yarn/1.22.10/libexec/lib/cli.js:1625:59
      at Generator.next (<anonymous>)
      at step (/usr/local/Cellar/yarn/1.22.10/libexec/lib/cli.js:310:30)
      at /usr/local/Cellar/yarn/1.22.10/libexec/lib/cli.js:321:13

npm manifest: 
  {
    "name": "growdev-first-repo",
    "version": "1.0.0",
    "description": "",
    "main": "index.js",
    "scripts": {
      "start": "ts-node-dev ./src/index.ts "
      "test": "echo \"Error: no test specified\" && exit 1"
    },
    "repository": {
      "type": "git",
      "url": "git+https://github.com/Ramos-Guilherme/growdev-first-repo.git"
    },
    "keywords": [],
    "author": "",
    "license": "ISC",
    "bugs": {
      "url": "https://github.com/Ramos-Guilherme/growdev-first-repo/issues"
    },
    "homepage": "https://github.com/Ramos-Guilherme/growdev-first-repo#readme",
    "dependencies": {
      "@types/express": "^4.17.13",
      "@types/node": "^16.11.6",
      "express": "^4.17.1",
      "typescript": "^4.4.4"
    }
  }

yarn manifest: 
  No manifest

Lockfile: 
  No lockfile
